<?xml version="1.0" encoding="UTF-8"?>
<!-- Generated by org.testng.reporters.JUnitXMLReporter -->
<testsuite ignored="6" hostname="Computer" failures="0" tests="1" name="Default test" time="176.793" errors="0" timestamp="2025-03-01T01:53:25 IST">
  <testcase classname="com.p2e.Runner.P2E_FirstClass" name="otpBalanace" time="164.365"/>
  <testcase classname="com.p2e.Runner.P2E_FirstClass" name="runnerFour" time="0.0">
    <ignored/>
  </testcase> <!-- runnerFour -->
  <testcase classname="com.p2e.Runner.P2E_FirstClass" name="runnerThird" time="0.0">
    <ignored/>
  </testcase> <!-- runnerThird -->
  <testcase classname="com.p2e.Runner.P2E_FirstClass" name="runnerFirst" time="0.0">
    <ignored/>
  </testcase> <!-- runnerFirst -->
  <testcase classname="com.p2e.Runner.P2E_FirstClass" name="runnerSecond" time="0.0">
    <ignored/>
  </testcase> <!-- runnerSecond -->
  <testcase classname="com.p2e.Runner.P2E_FirstClass" name="runnerFive" time="0.0">
    <ignored/>
  </testcase> <!-- runnerFive -->
  <testcase classname="com.p2e.Runner.P2E_FirstClass" name="runnerSix" time="0.0">
    <ignored/>
  </testcase> <!-- runnerSix -->
</testsuite> <!-- Default test -->
