<?xml version="1.0" encoding="UTF-8"?>
<!-- Generated by org.testng.reporters.JUnitXMLReporter -->
<testsuite ignored="0" hostname="Computer" failures="5" tests="5" name="two" time="133.94" errors="0" timestamp="2025-02-10T13:45:02 IST">
  <testcase classname="com.p2e.Runner.P2E_SecondClass" name="runnerFirst" time="0.316">
    <failure type="java.lang.NullPointerException" message="Cannot invoke &amp;quot;com.aventstack.extentreports.ExtentTest.log(com.aventstack.extentreports.Status, String)&amp;quot; because &amp;quot;this.extTest&amp;quot; is null">
      <![CDATA[java.lang.NullPointerException: Cannot invoke "com.aventstack.extentreports.ExtentTest.log(com.aventstack.extentreports.Status, String)" because "this.extTest" is null
at com.P2E.utils.WebUtil.statusAndResult(WebUtil.java:158)
at com.P2E.utils.WebUtil.openNewWindowTab(WebUtil.java:1374)
at com.P2E.LoginFlashSide.FlashLogin.openNewTabAnsLaunchOTP(FlashLogin.java:77)
at com.p2e.testScript.LoginTestScript.verifyNau_001_P2ELoginPage(LoginTestScript.java:21)
at com.p2e.Runner.P2E_SecondClass.runnerFirst(P2E_SecondClass.java:13)
at java.base/java.util.ArrayList.forEach(ArrayList.java:1596)
at java.base/java.util.concurrent.FutureTask.run(FutureTask.java:317)
at java.base/java.util.concurrent.ThreadPoolExecutor.runWorker(ThreadPoolExecutor.java:1144)
at java.base/java.util.concurrent.ThreadPoolExecutor$Worker.run(ThreadPoolExecutor.java:642)
at java.base/java.lang.Thread.run(Thread.java:1583)
... Removed 15 stack frames]]>
    </failure>
  </testcase> <!-- runnerFirst -->
  <testcase classname="com.p2e.Runner.P2E_SecondClass" name="runnerFive" time="0.008">
    <failure type="java.lang.NullPointerException" message="Cannot invoke &amp;quot;com.aventstack.extentreports.ExtentTest.log(com.aventstack.extentreports.Status, String)&amp;quot; because &amp;quot;this.extTest&amp;quot; is null">
      <![CDATA[java.lang.NullPointerException: Cannot invoke "com.aventstack.extentreports.ExtentTest.log(com.aventstack.extentreports.Status, String)" because "this.extTest" is null
at com.P2E.utils.WebUtil.statusAndResult(WebUtil.java:158)
at com.P2E.utils.WebUtil.openNewWindowTab(WebUtil.java:1374)
at com.P2E.LoginFlashSide.FlashLogin.openNewTabAnsLaunchOTP(FlashLogin.java:77)
at com.p2e.testScript.LoginTestScript.verifyNau_001_P2ELoginPage(LoginTestScript.java:21)
at com.p2e.Runner.P2E_SecondClass.runnerFive(P2E_SecondClass.java:37)
at java.base/java.util.ArrayList.forEach(ArrayList.java:1596)
at java.base/java.util.concurrent.FutureTask.run(FutureTask.java:317)
at java.base/java.util.concurrent.ThreadPoolExecutor.runWorker(ThreadPoolExecutor.java:1144)
at java.base/java.util.concurrent.ThreadPoolExecutor$Worker.run(ThreadPoolExecutor.java:642)
at java.base/java.lang.Thread.run(Thread.java:1583)
... Removed 15 stack frames]]>
    </failure>
  </testcase> <!-- runnerFive -->
  <testcase classname="com.p2e.Runner.P2E_SecondClass" name="runnerFour" time="0.01">
    <failure type="java.lang.NullPointerException" message="Cannot invoke &amp;quot;com.aventstack.extentreports.ExtentTest.log(com.aventstack.extentreports.Status, String)&amp;quot; because &amp;quot;this.extTest&amp;quot; is null">
      <![CDATA[java.lang.NullPointerException: Cannot invoke "com.aventstack.extentreports.ExtentTest.log(com.aventstack.extentreports.Status, String)" because "this.extTest" is null
at com.P2E.utils.WebUtil.statusAndResult(WebUtil.java:158)
at com.P2E.utils.WebUtil.openNewWindowTab(WebUtil.java:1374)
at com.P2E.LoginFlashSide.FlashLogin.openNewTabAnsLaunchOTP(FlashLogin.java:77)
at com.p2e.testScript.LoginTestScript.verifyNau_001_P2ELoginPage(LoginTestScript.java:21)
at com.p2e.Runner.P2E_SecondClass.runnerFour(P2E_SecondClass.java:31)
at java.base/java.util.ArrayList.forEach(ArrayList.java:1596)
at java.base/java.util.concurrent.FutureTask.run(FutureTask.java:317)
at java.base/java.util.concurrent.ThreadPoolExecutor.runWorker(ThreadPoolExecutor.java:1144)
at java.base/java.util.concurrent.ThreadPoolExecutor$Worker.run(ThreadPoolExecutor.java:642)
at java.base/java.lang.Thread.run(Thread.java:1583)
... Removed 15 stack frames]]>
    </failure>
  </testcase> <!-- runnerFour -->
  <testcase classname="com.p2e.Runner.P2E_SecondClass" name="runnerSecond" time="0.026">
    <failure type="java.lang.NullPointerException" message="Cannot invoke &amp;quot;com.aventstack.extentreports.ExtentTest.log(com.aventstack.extentreports.Status, String)&amp;quot; because &amp;quot;this.extTest&amp;quot; is null">
      <![CDATA[java.lang.NullPointerException: Cannot invoke "com.aventstack.extentreports.ExtentTest.log(com.aventstack.extentreports.Status, String)" because "this.extTest" is null
at com.P2E.utils.WebUtil.statusAndResult(WebUtil.java:158)
at com.P2E.utils.WebUtil.openNewWindowTab(WebUtil.java:1374)
at com.P2E.LoginFlashSide.FlashLogin.openNewTabAnsLaunchOTP(FlashLogin.java:77)
at com.p2e.testScript.LoginTestScript.verifyNau_001_P2ELoginPage(LoginTestScript.java:21)
at com.p2e.Runner.P2E_SecondClass.runnerSecond(P2E_SecondClass.java:19)
at java.base/java.util.ArrayList.forEach(ArrayList.java:1596)
at java.base/java.util.concurrent.FutureTask.run(FutureTask.java:317)
at java.base/java.util.concurrent.ThreadPoolExecutor.runWorker(ThreadPoolExecutor.java:1144)
at java.base/java.util.concurrent.ThreadPoolExecutor$Worker.run(ThreadPoolExecutor.java:642)
at java.base/java.lang.Thread.run(Thread.java:1583)
... Removed 15 stack frames]]>
    </failure>
  </testcase> <!-- runnerSecond -->
  <testcase classname="com.p2e.Runner.P2E_SecondClass" name="runnerThird" time="0.004">
    <failure type="java.lang.NullPointerException" message="Cannot invoke &amp;quot;com.aventstack.extentreports.ExtentTest.log(com.aventstack.extentreports.Status, String)&amp;quot; because &amp;quot;this.extTest&amp;quot; is null">
      <![CDATA[java.lang.NullPointerException: Cannot invoke "com.aventstack.extentreports.ExtentTest.log(com.aventstack.extentreports.Status, String)" because "this.extTest" is null
at com.P2E.utils.WebUtil.statusAndResult(WebUtil.java:158)
at com.P2E.utils.WebUtil.openNewWindowTab(WebUtil.java:1374)
at com.P2E.LoginFlashSide.FlashLogin.openNewTabAnsLaunchOTP(FlashLogin.java:77)
at com.p2e.testScript.LoginTestScript.verifyNau_001_P2ELoginPage(LoginTestScript.java:21)
at com.p2e.Runner.P2E_SecondClass.runnerThird(P2E_SecondClass.java:25)
at java.base/java.util.ArrayList.forEach(ArrayList.java:1596)
at java.base/java.util.concurrent.FutureTask.run(FutureTask.java:317)
at java.base/java.util.concurrent.ThreadPoolExecutor.runWorker(ThreadPoolExecutor.java:1144)
at java.base/java.util.concurrent.ThreadPoolExecutor$Worker.run(ThreadPoolExecutor.java:642)
at java.base/java.lang.Thread.run(Thread.java:1583)
... Removed 15 stack frames]]>
    </failure>
  </testcase> <!-- runnerThird -->
</testsuite> <!-- two -->
