<?xml version="1.0" encoding="UTF-8"?>
<testng-results ignored="0" total="1" passed="1" failed="0" skipped="0">
  <reporter-output>
  </reporter-output>
  <suite started-at="2025-03-01T01:50:28 IST" name="Default suite" finished-at="2025-03-01T01:53:25 IST" duration-ms="176793">
    <groups>
    </groups>
    <test started-at="2025-03-01T01:50:28 IST" name="Default test" finished-at="2025-03-01T01:53:25 IST" duration-ms="176793">
      <class name="com.p2e.Runner.P2E_FirstClass">
        <test-method is-config="true" signature="beforeSuite()[pri:0, instance:com.p2e.Runner.P2E_FirstClass@38425407]" started-at="2025-03-01T01:50:28 IST" name="beforeSuite" finished-at="2025-03-01T01:50:28 IST" duration-ms="545" status="PASS">
          <reporter-output>
          </reporter-output>
        </test-method> <!-- beforeSuite -->
        <test-method is-config="true" signature="beforeMethod(java.lang.reflect.Method)[pri:0, instance:com.p2e.Runner.P2E_FirstClass@38425407]" started-at="2025-03-01T01:50:28 IST" name="beforeMethod" finished-at="2025-03-01T01:50:38 IST" duration-ms="9399" status="PASS">
          <params>
            <param index="0">
              <value>
                <![CDATA[public void com.p2e.Runner.P2E_FirstClass.otpBalanace()]]>
              </value>
            </param>
          </params>
          <reporter-output>
          </reporter-output>
        </test-method> <!-- beforeMethod -->
        <test-method signature="otpBalanace()[pri:0, instance:com.p2e.Runner.P2E_FirstClass@38425407]" started-at="2025-03-01T01:50:38 IST" name="otpBalanace" finished-at="2025-03-01T01:53:22 IST" duration-ms="164365" status="PASS">
          <reporter-output>
          </reporter-output>
        </test-method> <!-- otpBalanace -->
        <test-method is-config="true" signature="afterMethod(org.testng.ITestResult,java.lang.reflect.Method)[pri:0, instance:com.p2e.Runner.P2E_FirstClass@38425407]" started-at="2025-03-01T01:53:22 IST" name="afterMethod" finished-at="2025-03-01T01:53:25 IST" duration-ms="2969" status="PASS">
          <params>
            <param index="0">
              <value>
                <![CDATA[[TestResult name=otpBalanace status=SUCCESS method=P2E_FirstClass.otpBalanace()[pri:0, instance:com.p2e.Runner.P2E_FirstClass@38425407] output={null}]]]>
              </value>
            </param>
            <param index="1">
              <value>
                <![CDATA[public void com.p2e.Runner.P2E_FirstClass.otpBalanace()]]>
              </value>
            </param>
          </params>
          <reporter-output>
          </reporter-output>
        </test-method> <!-- afterMethod -->
        <test-method is-config="true" signature="afterSuite()[pri:0, instance:com.p2e.Runner.P2E_FirstClass@38425407]" started-at="2025-03-01T01:53:25 IST" name="afterSuite" finished-at="2025-03-01T01:53:26 IST" duration-ms="632" status="PASS">
          <reporter-output>
          </reporter-output>
        </test-method> <!-- afterSuite -->
      </class> <!-- com.p2e.Runner.P2E_FirstClass -->
    </test> <!-- Default test -->
  </suite> <!-- Default suite -->
</testng-results>
